2025-11-20 12:35:46.657260
Q: hi
A: Okay, I've analyzed the image you sent. It shows the code for a Python script being run within the Quodl IDE. 
Here's a breakdown of what's visible:
*   **Quodl IDE:** The code is being written and executed within the Quodl IDE, a Python IDE designed for Quodl.
*   **Code Snippet:** The code is a function named `self.connect_signals()`.
*   **Functionality:** This function appears to be handling signals related to the Quodl application, likely for managing connections and events.
*   **Signals:** The code references signals like `self.first_cycle.clicked`, `self.clear.clicked`, `self.send.clicked`, and `self.connect_signals()`. These signals are likely used to trigger actions within the Quodl application.
If you have any specific questions about this code or what it does, please let me know!

2025-11-20 12:36:13.713208
Q: what is the text in the terminal
A: Please provide me with the text from the terminal. I need to see the output of the terminal to tell you what it says.  You can copy and paste the text here.

2025-11-20 12:36:24.321137
Q: what is this image?
A: It's difficult to say definitively what the image is without more context. However, based on the visual elements, it appears to be a **watercolor painting of a cat**. 
Here's a breakdown of what I see:
*   **Style:** The loose, flowing brushstrokes and soft colors are characteristic of watercolor painting.
*   **Subject:** The image depicts a cat, likely a domestic shorthair, with a fluffy tail and a relaxed posture.
*   **Color Palette:** The colors are muted and gentle, typical of watercolor.
To help me give you a more precise answer, could you tell me:
*   Where did you find this image? (e.g., a website, a book, etc.)
*   Is there any text associated with the image?

2025-11-20 12:36:33.514480
Q: what is this image?
A: The image shows a Python code editor window within the QML tool in the QML tool. 
Specifically, it's a file named `window.py` which is part of a QML project. The code within the file is a Python script that likely controls the functionality of the main window within the QML application. 
The code snippet shows a basic structure for handling events, likely related to the window's lifecycle and potentially user interactions. 
Let me know if you'd like me to analyze a specific part of the code!

